app/build/outputs/logs/manifest-merger-debug-report.txt
-- Merging decision tree log ---
manifest
ADDED from src\main\AndroidManifest.xml:2:1-61:12
INJECTED from src\main\AndroidManifest.xml:2:1-61:12
INJECTED from src\main\AndroidManifest.xml:2:1-61:12
INJECTED from src\main\AndroidManifest.xml:2:1-61:12
INJECTED from src\main\AndroidManifest.xml:2:1-61:12
INJECTED from src\main\AndroidManifest.xml:2:1-61:12
INJECTED from src\main\AndroidManifest.xml:2:1-61:12
	package
		ADDED from src\main\AndroidManifest.xml:3:5-40
		INJECTED from src\main\AndroidManifest.xml
		INJECTED from src\main\AndroidManifest.xml
	android:versionName
		ADDED from src\main\AndroidManifest.xml:5:5-32
		INJECTED from src\main\AndroidManifest.xml
		INJECTED from src\main\AndroidManifest.xml
	xmlns:android
		ADDED from src\main\AndroidManifest.xml:2:11-69
	android:versionCode
		ADDED from src\main\AndroidManifest.xml:4:5-28
		INJECTED from src\main\AndroidManifest.xml
		INJECTED from src\main\AndroidManifest.xml
uses-permission#android.permission.ACCESS_COARSE_LOCATION
ADDED from src\main\AndroidManifest.xml:7:5-81
	android:name
		ADDED from src\main\AndroidManifest.xml:7:22-78
uses-permission#android.permission.WAKE_LOCK
ADDED from src\main\AndroidManifest.xml:8:5-68
	android:name
		ADDED from src\main\AndroidManifest.xml:8:22-65
uses-permission#android.permission.INTERNET
ADDED from src\main\AndroidManifest.xml:9:5-67
	android:name
		ADDED from src\main\AndroidManifest.xml:9:22-64
uses-sdk
ADDED from src\main\AndroidManifest.xml:11:5-13:41
INJECTED from src\main\AndroidManifest.xml:11:5-13:41
INJECTED from src\main\AndroidManifest.xml:11:5-13:41
INJECTED from src\main\AndroidManifest.xml:11:5-13:41
INJECTED from src\main\AndroidManifest.xml:11:5-13:41
	android:targetSdkVersion
		ADDED from src\main\AndroidManifest.xml:13:9-38
		INJECTED from src\main\AndroidManifest.xml
		INJECTED from src\main\AndroidManifest.xml
	android:minSdkVersion
		ADDED from src\main\AndroidManifest.xml:12:9-34
		INJECTED from src\main\AndroidManifest.xml
		INJECTED from src\main\AndroidManifest.xml
application
ADDED from src\main\AndroidManifest.xml:15:5-59:19
	android:label
		ADDED from src\main\AndroidManifest.xml:18:9-41
	android:icon
		ADDED from src\main\AndroidManifest.xml:17:9-45
	android:allowBackup
		ADDED from src\main\AndroidManifest.xml:16:9-35
	android:theme
		ADDED from src\main\AndroidManifest.xml:19:9-51
service#com.experitest.android.InstService
ADDED from src\main\AndroidManifest.xml:20:9-23:39
	android:enabled
		ADDED from src\main\AndroidManifest.xml:22:13-35
	android:exported
		ADDED from src\main\AndroidManifest.xml:23:13-36
	android:name
		ADDED from src\main\AndroidManifest.xml:21:13-62
activity#com.experitest.ExperiBank.LoginActivity
ADDED from src\main\AndroidManifest.xml:25:9-34:20
	android:label
		ADDED from src\main\AndroidManifest.xml:27:13-45
	android:windowSoftInputMode
		ADDED from src\main\AndroidManifest.xml:28:13-54
	android:name
		ADDED from src\main\AndroidManifest.xml:26:13-67
intent-filter#action:name:android.intent.action.MAIN+category:name:android.intent.category.LAUNCHER
ADDED from src\main\AndroidManifest.xml:29:13-33:29
action#android.intent.action.MAIN
ADDED from src\main\AndroidManifest.xml:30:17-69
	android:name
		ADDED from src\main\AndroidManifest.xml:30:25-66
category#android.intent.category.LAUNCHER
ADDED from src\main\AndroidManifest.xml:32:17-77
	android:name
		ADDED from src\main\AndroidManifest.xml:32:27-74
activity#com.experitest.ExperiBank.PaymentHomeActivity
ADDED from src\main\AndroidManifest.xml:35:9-38:20
	android:windowSoftInputMode
		ADDED from src\main\AndroidManifest.xml:37:13-54
	android:name
		ADDED from src\main\AndroidManifest.xml:36:13-73
activity#com.experitest.ExperiBank.MakePaymentActivity
ADDED from src\main\AndroidManifest.xml:39:9-42:20
	android:windowSoftInputMode
		ADDED from src\main\AndroidManifest.xml:41:13-54
	android:name
		ADDED from src\main\AndroidManifest.xml:40:13-73
activity#com.experitest.ExperiBank.CountryListActivity
ADDED from src\main\AndroidManifest.xml:43:9-46:20
	android:windowSoftInputMode
		ADDED from src\main\AndroidManifest.xml:45:13-54
	android:name
		ADDED from src\main\AndroidManifest.xml:44:13-73
activity#com.experitest.ExperiBank.MorgageRequestOneActivity
ADDED from src\main\AndroidManifest.xml:47:9-50:20
	android:windowSoftInputMode
		ADDED from src\main\AndroidManifest.xml:49:13-54
	android:name
		ADDED from src\main\AndroidManifest.xml:48:13-79
activity#com.experitest.ExperiBank.MorgageRequestTwoActivity
ADDED from src\main\AndroidManifest.xml:51:9-54:20
	android:windowSoftInputMode
		ADDED from src\main\AndroidManifest.xml:53:13-54
	android:name
		ADDED from src\main\AndroidManifest.xml:52:13-79
activity#com.experitest.ExperiBank.ExpenseReportActivity
ADDED from src\main\AndroidManifest.xml:55:9-58:20
	android:windowSoftInputMode
		ADDED from src\main\AndroidManifest.xml:57:13-54
	android:name
		ADDED from src\main\AndroidManifest.xml:56:13-75